<?xml version="1.0" encoding="UTF-8"?>
<!-- Generated by org.testng.reporters.JUnitReportReporter -->
<testsuite hostname="DESKTOP-P9KV7FH" failures="0" tests="1" name="com.myntraProjectFinalUpdated1.App" time="53.843" errors="0" timestamp="2023-06-13T12:43:13 IST" skipped="0">
  <testcase classname="com.myntraProjectFinalUpdated1.App" name="search" time="53.843"/>
  <system-out/>
</testsuite> <!-- com.myntraProjectFinalUpdated1.App -->
